<?xml version="1.0" encoding="UTF-8"?>
<!-- Generated by org.testng.reporters.JUnitReportReporter -->
<testsuite hostname="yogesh2693" failures="0" tests="3" name="com.SauceDemo.TestClasses.TC03AddAllProducts" time="28.123" errors="0" timestamp="2022-05-28T12:13:12 IST" skipped="0">
  <testcase classname="com.SauceDemo.TestClasses.TC03AddAllProducts" name="addAllproducts" time="8.865"/>
  <system-out/>
  <testcase classname="com.SauceDemo.TestClasses.TC03AddAllProducts" name="addAllproducts" time="7.977"/>
  <system-out/>
  <testcase classname="com.SauceDemo.TestClasses.TC03AddAllProducts" name="addAllproducts" time="11.281"/>
  <system-out/>
</testsuite> <!-- com.SauceDemo.TestClasses.TC03AddAllProducts -->
