<?xml version="1.0" encoding="UTF-8"?>
<!-- Generated by org.testng.reporters.JUnitReportReporter -->
<testsuite hostname="yogesh2693" failures="0" tests="3" name="com.SauceDemo.TestClasses.TC04LogoutFunctionality" time="22.655" errors="0" timestamp="2022-05-28T12:13:12 IST" skipped="0">
  <testcase classname="com.SauceDemo.TestClasses.TC04LogoutFunctionality" name="logoutVerification" time="9.639"/>
  <system-out/>
  <testcase classname="com.SauceDemo.TestClasses.TC04LogoutFunctionality" name="logoutVerification" time="5.297"/>
  <system-out/>
  <testcase classname="com.SauceDemo.TestClasses.TC04LogoutFunctionality" name="logoutVerification" time="7.719"/>
  <system-out/>
</testsuite> <!-- com.SauceDemo.TestClasses.TC04LogoutFunctionality -->
