<?xml version="1.0" encoding="UTF-8"?>
<!-- Generated by org.testng.reporters.JUnitReportReporter -->
<testsuite hostname="yogesh2693" failures="0" tests="3" name="com.SauceDemo.TestClasses.TC01LoginFunctionalityTest" time="25.746" errors="0" timestamp="2022-05-28T12:13:12 IST" skipped="0">
  <testcase classname="com.SauceDemo.TestClasses.TC01LoginFunctionalityTest" name="loginFunctionalityTest" time="9.169"/>
  <system-out/>
  <testcase classname="com.SauceDemo.TestClasses.TC01LoginFunctionalityTest" name="loginFunctionalityTest" time="8.719"/>
  <system-out/>
  <testcase classname="com.SauceDemo.TestClasses.TC01LoginFunctionalityTest" name="loginFunctionalityTest" time="7.858"/>
  <system-out/>
</testsuite> <!-- com.SauceDemo.TestClasses.TC01LoginFunctionalityTest -->
