<?xml version="1.0" encoding="UTF-8"?>
<!-- Generated by org.testng.reporters.JUnitReportReporter -->
<testsuite hostname="yogesh2693" failures="0" tests="1" name="com.SauceDemo.TestClasses.LoginFunctionalityTest" time="4.039" errors="0" timestamp="2022-05-25T10:58:35 IST" skipped="0">
  <testcase classname="com.SauceDemo.TestClasses.LoginFunctionalityTest" name="loginFunctionalityTest" time="4.039"/>
  <system-out/>
</testsuite> <!-- com.SauceDemo.TestClasses.LoginFunctionalityTest -->
